# JRE version: OpenJDK Runtime Environment (8.0_152-b02) (build 1.8.0_152-release-1024-b02)
# Java VM: OpenJDK 64-Bit Server VM (25.152-b02 mixed mode windows-amd64 compressed oops)
Heap:
 PSYoungGen      total 107520K, used 56418K [0x00000000e0000000, 0x00000000e7700000, 0x0000000100000000)
  eden space 95744K, 47% used [0x00000000e0000000,0x00000000e2ca5a98,0x00000000e5d80000)
  from space 11776K, 90% used [0x00000000e5d80000,0x00000000e67f2da0,0x00000000e6900000)
  to   space 11264K, 0% used [0x00000000e6900000,0x00000000e6900000,0x00000000e7400000)
 ParOldGen       total 107520K, used 17120K [0x00000000a0000000, 0x00000000a6900000, 0x00000000e0000000)
  object space 107520K, 15% used [0x00000000a0000000,0x00000000a10b8000,0x00000000a6900000)
 Metaspace       used 44826K, capacity 45772K, committed 45912K, reserved 1089536K
  class space    used 6143K, capacity 6447K, committed 6528K, reserved 1048576K
GC Heap History (10 events):
Event: 2.057 GC heap before
{Heap before GC invocations=5 (full 1):
 PSYoungGen      total 75776K, used 65024K [0x00000000e0000000, 0x00000000e5480000, 0x0000000100000000)
  eden space 65024K, 100% used [0x00000000e0000000,0x00000000e3f80000,0x00000000e3f80000)
  from space 10752K, 0% used [0x00000000e3f80000,0x00000000e3f80000,0x00000000e4a00000)
  to   space 10752K, 0% used [0x00000000e4a00000,0x00000000e4a00000,0x00000000e5480000)
 ParOldGen       total 107520K, used 9288K [0x00000000a0000000, 0x00000000a6900000, 0x00000000e0000000)
  object space 107520K, 8% used [0x00000000a0000000,0x00000000a09121a0,0x00000000a6900000)
 Metaspace       used 26288K, capacity 26710K, committed 27136K, reserved 1073152K
  class space    used 3626K, capacity 3748K, committed 3840K, reserved 1048576K
Event: 2.061 GC heap after
Heap after GC invocations=5 (full 1):
 PSYoungGen      total 75776K, used 7051K [0x00000000e0000000, 0x00000000e7400000, 0x0000000100000000)
  eden space 65024K, 0% used [0x00000000e0000000,0x00000000e0000000,0x00000000e3f80000)
  from space 10752K, 65% used [0x00000000e4a00000,0x00000000e50e2c70,0x00000000e5480000)
  to   space 10752K, 0% used [0x00000000e3f80000,0x00000000e3f80000,0x00000000e4a00000)
 ParOldGen       total 107520K, used 9296K [0x00000000a0000000, 0x00000000a6900000, 0x00000000e0000000)
  object space 107520K, 8% used [0x00000000a0000000,0x00000000a09141a0,0x00000000a6900000)
 Metaspace       used 26288K, capacity 26710K, committed 27136K, reserved 1073152K
  class space    used 3626K, capacity 3748K, committed 3840K, reserved 1048576K
}
Event: 2.433 GC heap before
{Heap before GC invocations=6 (full 1):
 PSYoungGen      total 75776K, used 72075K [0x00000000e0000000, 0x00000000e7400000, 0x0000000100000000)
  eden space 65024K, 100% used [0x00000000e0000000,0x00000000e3f80000,0x00000000e3f80000)
  from space 10752K, 65% used [0x00000000e4a00000,0x00000000e50e2c70,0x00000000e5480000)
  to   space 10752K, 0% used [0x00000000e3f80000,0x00000000e3f80000,0x00000000e4a00000)
 ParOldGen       total 107520K, used 9296K [0x00000000a0000000, 0x00000000a6900000, 0x00000000e0000000)
  object space 107520K, 8% used [0x00000000a0000000,0x00000000a09141a0,0x00000000a6900000)
 Metaspace       used 29300K, capacity 29810K, committed 30208K, reserved 1075200K
  class space    used 4096K, capacity 4268K, committed 4352K, reserved 1048576K
Event: 2.437 GC heap after
Heap after GC invocations=6 (full 1):
 PSYoungGen      total 75776K, used 8367K [0x00000000e0000000, 0x00000000e7400000, 0x0000000100000000)
  eden space 65024K, 0% used [0x00000000e0000000,0x00000000e0000000,0x00000000e3f80000)
  from space 10752K, 77% used [0x00000000e3f80000,0x00000000e47abf28,0x00000000e4a00000)
  to   space 11264K, 0% used [0x00000000e6900000,0x00000000e6900000,0x00000000e7400000)
 ParOldGen       total 107520K, used 9304K [0x00000000a0000000, 0x00000000a6900000, 0x00000000e0000000)
  object space 107520K, 8% used [0x00000000a0000000,0x00000000a09161a0,0x00000000a6900000)
 Metaspace       used 29300K, capacity 29810K, committed 30208K, reserved 1075200K
  class space    used 4096K, capacity 4268K, committed 4352K, reserved 1048576K
}
Event: 2.702 GC heap before
{Heap before GC invocations=7 (full 1):
 PSYoungGen      total 75776K, used 40155K [0x00000000e0000000, 0x00000000e7400000, 0x0000000100000000)
  eden space 65024K, 48% used [0x00000000e0000000,0x00000000e1f0ae08,0x00000000e3f80000)
  from space 10752K, 77% used [0x00000000e3f80000,0x00000000e47abf28,0x00000000e4a00000)
  to   space 11264K, 0% used [0x00000000e6900000,0x00000000e6900000,0x00000000e7400000)
 ParOldGen       total 107520K, used 9304K [0x00000000a0000000, 0x00000000a6900000, 0x00000000e0000000)
  object space 107520K, 8% used [0x00000000a0000000,0x00000000a09161a0,0x00000000a6900000)
 Metaspace       used 34536K, capacity 35252K, committed 35416K, reserved 1079296K
  class space    used 4765K, capacity 4982K, committed 4992K, reserved 1048576K
Event: 2.707 GC heap after
Heap after GC invocations=7 (full 1):
 PSYoungGen      total 107008K, used 10199K [0x00000000e0000000, 0x00000000e7700000, 0x0000000100000000)
  eden space 95744K, 0% used [0x00000000e0000000,0x00000000e0000000,0x00000000e5d80000)
  from space 11264K, 90% used [0x00000000e6900000,0x00000000e72f5fb8,0x00000000e7400000)
  to   space 11776K, 0% used [0x00000000e5d80000,0x00000000e5d80000,0x00000000e6900000)
 ParOldGen       total 107520K, used 9312K [0x00000000a0000000, 0x00000000a6900000, 0x00000000e0000000)
  object space 107520K, 8% used [0x00000000a0000000,0x00000000a09181a0,0x00000000a6900000)
 Metaspace       used 34536K, capacity 35252K, committed 35416K, reserved 1079296K
  class space    used 4765K, capacity 4982K, committed 4992K, reserved 1048576K
}
Event: 2.707 GC heap before
{Heap before GC invocations=8 (full 2):
 PSYoungGen      total 107008K, used 10199K [0x00000000e0000000, 0x00000000e7700000, 0x0000000100000000)
  eden space 95744K, 0% used [0x00000000e0000000,0x00000000e0000000,0x00000000e5d80000)
  from space 11264K, 90% used [0x00000000e6900000,0x00000000e72f5fb8,0x00000000e7400000)
  to   space 11776K, 0% used [0x00000000e5d80000,0x00000000e5d80000,0x00000000e6900000)
 ParOldGen       total 107520K, used 9312K [0x00000000a0000000, 0x00000000a6900000, 0x00000000e0000000)
  object space 107520K, 8% used [0x00000000a0000000,0x00000000a09181a0,0x00000000a6900000)
 Metaspace       used 34536K, capacity 35252K, committed 35416K, reserved 1079296K
  class space    used 4765K, capacity 4982K, committed 4992K, reserved 1048576K
Event: 2.732 GC heap after
Heap after GC invocations=8 (full 2):
 PSYoungGen      total 107008K, used 0K [0x00000000e0000000, 0x00000000e7700000, 0x0000000100000000)
  eden space 95744K, 0% used [0x00000000e0000000,0x00000000e0000000,0x00000000e5d80000)
  from space 11264K, 0% used [0x00000000e6900000,0x00000000e6900000,0x00000000e7400000)
  to   space 11776K, 0% used [0x00000000e5d80000,0x00000000e5d80000,0x00000000e6900000)
 ParOldGen       total 107520K, used 17112K [0x00000000a0000000, 0x00000000a6900000, 0x00000000e0000000)
  object space 107520K, 15% used [0x00000000a0000000,0x00000000a10b6000,0x00000000a6900000)
 Metaspace       used 34536K, capacity 35252K, committed 35416K, reserved 1079296K
  class space    used 4765K, capacity 4982K, committed 4992K, reserved 1048576K
}
Event: 3.172 GC heap before
{Heap before GC invocations=9 (full 2):
 PSYoungGen      total 107008K, used 95744K [0x00000000e0000000, 0x00000000e7700000, 0x0000000100000000)
  eden space 95744K, 100% used [0x00000000e0000000,0x00000000e5d80000,0x00000000e5d80000)
  from space 11264K, 0% used [0x00000000e6900000,0x00000000e6900000,0x00000000e7400000)
  to   space 11776K, 0% used [0x00000000e5d80000,0x00000000e5d80000,0x00000000e6900000)
 ParOldGen       total 107520K, used 17112K [0x00000000a0000000, 0x00000000a6900000, 0x00000000e0000000)
  object space 107520K, 15% used [0x00000000a0000000,0x00000000a10b6000,0x00000000a6900000)
 Metaspace       used 39946K, capacity 40946K, committed 41176K, reserved 1085440K
  class space    used 5457K, capacity 5780K, committed 5888K, reserved 1048576K
Event: 3.178 GC heap after
Heap after GC invocations=9 (full 2):
 PSYoungGen      total 107520K, used 10699K [0x00000000e0000000, 0x00000000e7700000, 0x0000000100000000)
  eden space 95744K, 0% used [0x00000000e0000000,0x00000000e0000000,0x00000000e5d80000)
  from space 11776K, 90% used [0x00000000e5d80000,0x00000000e67f2da0,0x00000000e6900000)
  to   space 11264K, 0% used [0x00000000e6900000,0x00000000e6900000,0x00000000e7400000)
 ParOldGen       total 107520K, used 17120K [0x00000000a0000000, 0x00000000a6900000, 0x00000000e0000000)
  object space 107520K, 15% used [0x00000000a0000000,0x00000000a10b8000,0x00000000a6900000)
 Metaspace       used 39946K, capacity 40946K, committed 41176K, reserved 1085440K
  class space    used 5457K, capacity 5780K, committed 5888K, reserved 1048576K
}

