# JRE version: OpenJDK Runtime Environment (8.0_152-b02) (build 1.8.0_152-release-1024-b02)
# Java VM: OpenJDK 64-Bit Server VM (25.152-b02 mixed mode windows-amd64 compressed oops)
Heap:
 PSYoungGen      total 107008K, used 53546K [0x00000000e0000000, 0x00000000e9380000, 0x0000000100000000)
  eden space 95232K, 43% used [0x00000000e0000000,0x00000000e28d0fe8,0x00000000e5d00000)
  from space 11776K, 99% used [0x00000000e5d00000,0x00000000e6879be8,0x00000000e6880000)
  to   space 17408K, 0% used [0x00000000e8280000,0x00000000e8280000,0x00000000e9380000)
 ParOldGen       total 108032K, used 26990K [0x00000000a0000000, 0x00000000a6980000, 0x00000000e0000000)
  object space 108032K, 24% used [0x00000000a0000000,0x00000000a1a5ba08,0x00000000a6980000)
 Metaspace       used 53963K, capacity 55624K, committed 55896K, reserved 1097728K
  class space    used 7342K, capacity 7755K, committed 7808K, reserved 1048576K
GC Heap History (10 events):
Event: 2.617 GC heap before
{Heap before GC invocations=7 (full 1):
 PSYoungGen      total 75776K, used 40013K [0x00000000e0000000, 0x00000000e7380000, 0x0000000100000000)
  eden space 65024K, 48% used [0x00000000e0000000,0x00000000e1ee7f08,0x00000000e3f80000)
  from space 10752K, 77% used [0x00000000e3f80000,0x00000000e47ab740,0x00000000e4a00000)
  to   space 11264K, 0% used [0x00000000e6880000,0x00000000e6880000,0x00000000e7380000)
 ParOldGen       total 108032K, used 9300K [0x00000000a0000000, 0x00000000a6980000, 0x00000000e0000000)
  object space 108032K, 8% used [0x00000000a0000000,0x00000000a0915220,0x00000000a6980000)
 Metaspace       used 34510K, capacity 35252K, committed 35416K, reserved 1079296K
  class space    used 4764K, capacity 4982K, committed 4992K, reserved 1048576K
Event: 2.622 GC heap after
Heap after GC invocations=7 (full 1):
 PSYoungGen      total 106496K, used 10131K [0x00000000e0000000, 0x00000000e7680000, 0x0000000100000000)
  eden space 95232K, 0% used [0x00000000e0000000,0x00000000e0000000,0x00000000e5d00000)
  from space 11264K, 89% used [0x00000000e6880000,0x00000000e7264d50,0x00000000e7380000)
  to   space 11776K, 0% used [0x00000000e5d00000,0x00000000e5d00000,0x00000000e6880000)
 ParOldGen       total 108032K, used 9308K [0x00000000a0000000, 0x00000000a6980000, 0x00000000e0000000)
  object space 108032K, 8% used [0x00000000a0000000,0x00000000a0917220,0x00000000a6980000)
 Metaspace       used 34510K, capacity 35252K, committed 35416K, reserved 1079296K
  class space    used 4764K, capacity 4982K, committed 4992K, reserved 1048576K
}
Event: 2.622 GC heap before
{Heap before GC invocations=8 (full 2):
 PSYoungGen      total 106496K, used 10131K [0x00000000e0000000, 0x00000000e7680000, 0x0000000100000000)
  eden space 95232K, 0% used [0x00000000e0000000,0x00000000e0000000,0x00000000e5d00000)
  from space 11264K, 89% used [0x00000000e6880000,0x00000000e7264d50,0x00000000e7380000)
  to   space 11776K, 0% used [0x00000000e5d00000,0x00000000e5d00000,0x00000000e6880000)
 ParOldGen       total 108032K, used 9308K [0x00000000a0000000, 0x00000000a6980000, 0x00000000e0000000)
  object space 108032K, 8% used [0x00000000a0000000,0x00000000a0917220,0x00000000a6980000)
 Metaspace       used 34510K, capacity 35252K, committed 35416K, reserved 1079296K
  class space    used 4764K, capacity 4982K, committed 4992K, reserved 1048576K
Event: 2.647 GC heap after
Heap after GC invocations=8 (full 2):
 PSYoungGen      total 106496K, used 0K [0x00000000e0000000, 0x00000000e7680000, 0x0000000100000000)
  eden space 95232K, 0% used [0x00000000e0000000,0x00000000e0000000,0x00000000e5d00000)
  from space 11264K, 0% used [0x00000000e6880000,0x00000000e6880000,0x00000000e7380000)
  to   space 11776K, 0% used [0x00000000e5d00000,0x00000000e5d00000,0x00000000e6880000)
 ParOldGen       total 108032K, used 17116K [0x00000000a0000000, 0x00000000a6980000, 0x00000000e0000000)
  object space 108032K, 15% used [0x00000000a0000000,0x00000000a10b7058,0x00000000a6980000)
 Metaspace       used 34510K, capacity 35252K, committed 35416K, reserved 1079296K
  class space    used 4764K, capacity 4982K, committed 4992K, reserved 1048576K
}
Event: 3.086 GC heap before
{Heap before GC invocations=9 (full 2):
 PSYoungGen      total 106496K, used 95232K [0x00000000e0000000, 0x00000000e7680000, 0x0000000100000000)
  eden space 95232K, 100% used [0x00000000e0000000,0x00000000e5d00000,0x00000000e5d00000)
  from space 11264K, 0% used [0x00000000e6880000,0x00000000e6880000,0x00000000e7380000)
  to   space 11776K, 0% used [0x00000000e5d00000,0x00000000e5d00000,0x00000000e6880000)
 ParOldGen       total 108032K, used 17116K [0x00000000a0000000, 0x00000000a6980000, 0x00000000e0000000)
  object space 108032K, 15% used [0x00000000a0000000,0x00000000a10b7058,0x00000000a6980000)
 Metaspace       used 39945K, capacity 40946K, committed 41176K, reserved 1085440K
  class space    used 5458K, capacity 5780K, committed 5888K, reserved 1048576K
Event: 3.092 GC heap after
Heap after GC invocations=9 (full 2):
 PSYoungGen      total 107008K, used 10610K [0x00000000e0000000, 0x00000000e7680000, 0x0000000100000000)
  eden space 95232K, 0% used [0x00000000e0000000,0x00000000e0000000,0x00000000e5d00000)
  from space 11776K, 90% used [0x00000000e5d00000,0x00000000e675c988,0x00000000e6880000)
  to   space 11264K, 0% used [0x00000000e6880000,0x00000000e6880000,0x00000000e7380000)
 ParOldGen       total 108032K, used 17124K [0x00000000a0000000, 0x00000000a6980000, 0x00000000e0000000)
  object space 108032K, 15% used [0x00000000a0000000,0x00000000a10b9058,0x00000000a6980000)
 Metaspace       used 39945K, capacity 40946K, committed 41176K, reserved 1085440K
  class space    used 5458K, capacity 5780K, committed 5888K, reserved 1048576K
}
Event: 3.503 GC heap before
{Heap before GC invocations=10 (full 2):
 PSYoungGen      total 107008K, used 105842K [0x00000000e0000000, 0x00000000e7680000, 0x0000000100000000)
  eden space 95232K, 100% used [0x00000000e0000000,0x00000000e5d00000,0x00000000e5d00000)
  from space 11776K, 90% used [0x00000000e5d00000,0x00000000e675c988,0x00000000e6880000)
  to   space 11264K, 0% used [0x00000000e6880000,0x00000000e6880000,0x00000000e7380000)
 ParOldGen       total 108032K, used 17124K [0x00000000a0000000, 0x00000000a6980000, 0x00000000e0000000)
  object space 108032K, 15% used [0x00000000a0000000,0x00000000a10b9058,0x00000000a6980000)
 Metaspace       used 46023K, capacity 47102K, committed 47320K, reserved 1089536K
  class space    used 6255K, capacity 6558K, committed 6656K, reserved 1048576K
Event: 3.508 GC heap after
Heap after GC invocations=10 (full 2):
 PSYoungGen      total 106496K, used 11247K [0x00000000e0000000, 0x00000000e7680000, 0x0000000100000000)
  eden space 95232K, 0% used [0x00000000e0000000,0x00000000e0000000,0x00000000e5d00000)
  from space 11264K, 99% used [0x00000000e6880000,0x00000000e737bcb8,0x00000000e7380000)
  to   space 11776K, 0% used [0x00000000e5d00000,0x00000000e5d00000,0x00000000e6880000)
 ParOldGen       total 108032K, used 19946K [0x00000000a0000000, 0x00000000a6980000, 0x00000000e0000000)
  object space 108032K, 18% used [0x00000000a0000000,0x00000000a137a948,0x00000000a6980000)
 Metaspace       used 46023K, capacity 47102K, committed 47320K, reserved 1089536K
  class space    used 6255K, capacity 6558K, committed 6656K, reserved 1048576K
}
Event: 8.358 GC heap before
{Heap before GC invocations=11 (full 2):
 PSYoungGen      total 106496K, used 106479K [0x00000000e0000000, 0x00000000e7680000, 0x0000000100000000)
  eden space 95232K, 100% used [0x00000000e0000000,0x00000000e5d00000,0x00000000e5d00000)
  from space 11264K, 99% used [0x00000000e6880000,0x00000000e737bcb8,0x00000000e7380000)
  to   space 11776K, 0% used [0x00000000e5d00000,0x00000000e5d00000,0x00000000e6880000)
 ParOldGen       total 108032K, used 19946K [0x00000000a0000000, 0x00000000a6980000, 0x00000000e0000000)
  object space 108032K, 18% used [0x00000000a0000000,0x00000000a137a948,0x00000000a6980000)
 Metaspace       used 52822K, capacity 54530K, committed 54744K, reserved 1095680K
  class space    used 7228K, capacity 7676K, committed 7680K, reserved 1048576K
Event: 8.368 GC heap after
Heap after GC invocations=11 (full 2):
 PSYoungGen      total 107008K, used 11750K [0x00000000e0000000, 0x00000000e9380000, 0x0000000100000000)
  eden space 95232K, 0% used [0x00000000e0000000,0x00000000e0000000,0x00000000e5d00000)
  from space 11776K, 99% used [0x00000000e5d00000,0x00000000e6879be8,0x00000000e6880000)
  to   space 17408K, 0% used [0x00000000e8280000,0x00000000e8280000,0x00000000e9380000)
 ParOldGen       total 108032K, used 26990K [0x00000000a0000000, 0x00000000a6980000, 0x00000000e0000000)
  object space 108032K, 24% used [0x00000000a0000000,0x00000000a1a5ba08,0x00000000a6980000)
 Metaspace       used 52822K, capacity 54530K, committed 54744K, reserved 1095680K
  class space    used 7228K, capacity 7676K, committed 7680K, reserved 1048576K
}

